mode: atomic
go.linecorp.com/centraldogma/content_service.go:57.47,66.2 2 0
go.linecorp.com/centraldogma/content_service.go:68.47,77.54 3 29
go.linecorp.com/centraldogma/content_service.go:80.2,81.12 2 29
go.linecorp.com/centraldogma/content_service.go:77.54,79.3 1 0
go.linecorp.com/centraldogma/content_service.go:87.54,88.55 1 25
go.linecorp.com/centraldogma/content_service.go:97.2,97.12 1 25
go.linecorp.com/centraldogma/content_service.go:88.55,90.49 2 5
go.linecorp.com/centraldogma/content_service.go:93.3,93.19 1 5
go.linecorp.com/centraldogma/content_service.go:90.49,92.4 1 0
go.linecorp.com/centraldogma/content_service.go:94.8,96.3 1 20
go.linecorp.com/centraldogma/content_service.go:128.48,137.2 2 3
go.linecorp.com/centraldogma/content_service.go:139.48,148.54 3 6
go.linecorp.com/centraldogma/content_service.go:151.2,152.12 2 6
go.linecorp.com/centraldogma/content_service.go:148.54,150.3 1 0
go.linecorp.com/centraldogma/content_service.go:156.78,157.67 1 2
go.linecorp.com/centraldogma/content_service.go:163.2,169.16 2 2
go.linecorp.com/centraldogma/content_service.go:174.2,179.16 5 2
go.linecorp.com/centraldogma/content_service.go:183.2,185.16 3 2
go.linecorp.com/centraldogma/content_service.go:188.2,188.37 1 2
go.linecorp.com/centraldogma/content_service.go:157.67,160.3 1 0
go.linecorp.com/centraldogma/content_service.go:169.16,171.3 1 0
go.linecorp.com/centraldogma/content_service.go:179.16,181.3 1 0
go.linecorp.com/centraldogma/content_service.go:185.16,187.3 1 0
go.linecorp.com/centraldogma/content_service.go:192.98,193.18 1 5
go.linecorp.com/centraldogma/content_service.go:198.2,204.16 2 5
go.linecorp.com/centraldogma/content_service.go:209.2,210.62 2 5
go.linecorp.com/centraldogma/content_service.go:213.2,216.16 3 5
go.linecorp.com/centraldogma/content_service.go:220.2,222.16 3 5
go.linecorp.com/centraldogma/content_service.go:226.2,226.35 1 5
go.linecorp.com/centraldogma/content_service.go:193.18,195.3 1 0
go.linecorp.com/centraldogma/content_service.go:204.16,206.3 1 0
go.linecorp.com/centraldogma/content_service.go:210.62,212.3 1 0
go.linecorp.com/centraldogma/content_service.go:216.16,218.3 1 0
go.linecorp.com/centraldogma/content_service.go:222.16,224.3 1 0
go.linecorp.com/centraldogma/content_service.go:230.78,231.67 1 1
go.linecorp.com/centraldogma/content_service.go:237.2,243.16 2 1
go.linecorp.com/centraldogma/content_service.go:248.2,253.16 5 1
go.linecorp.com/centraldogma/content_service.go:257.2,259.16 3 1
go.linecorp.com/centraldogma/content_service.go:262.2,262.37 1 1
go.linecorp.com/centraldogma/content_service.go:231.67,234.3 1 0
go.linecorp.com/centraldogma/content_service.go:243.16,245.3 1 0
go.linecorp.com/centraldogma/content_service.go:253.16,255.3 1 0
go.linecorp.com/centraldogma/content_service.go:259.16,261.3 1 0
go.linecorp.com/centraldogma/content_service.go:266.95,275.16 2 1
go.linecorp.com/centraldogma/content_service.go:280.2,287.16 7 1
go.linecorp.com/centraldogma/content_service.go:291.2,293.16 3 1
go.linecorp.com/centraldogma/content_service.go:296.2,296.37 1 1
go.linecorp.com/centraldogma/content_service.go:275.16,277.3 1 0
go.linecorp.com/centraldogma/content_service.go:287.16,289.3 1 0
go.linecorp.com/centraldogma/content_service.go:293.16,295.3 1 0
go.linecorp.com/centraldogma/content_service.go:300.78,303.18 1 1
go.linecorp.com/centraldogma/content_service.go:306.2,306.26 1 1
go.linecorp.com/centraldogma/content_service.go:311.2,317.16 2 1
go.linecorp.com/centraldogma/content_service.go:322.2,324.48 3 1
go.linecorp.com/centraldogma/content_service.go:327.2,331.16 4 1
go.linecorp.com/centraldogma/content_service.go:335.2,337.16 3 1
go.linecorp.com/centraldogma/content_service.go:341.2,341.36 1 1
go.linecorp.com/centraldogma/content_service.go:303.18,305.3 1 0
go.linecorp.com/centraldogma/content_service.go:306.26,308.3 1 0
go.linecorp.com/centraldogma/content_service.go:317.16,319.3 1 0
go.linecorp.com/centraldogma/content_service.go:324.48,326.3 1 0
go.linecorp.com/centraldogma/content_service.go:331.16,333.3 1 0
go.linecorp.com/centraldogma/content_service.go:337.16,339.3 1 0
go.linecorp.com/centraldogma/content_service.go:345.79,348.27 1 1
go.linecorp.com/centraldogma/content_service.go:353.2,359.16 2 1
go.linecorp.com/centraldogma/content_service.go:364.2,370.16 6 1
go.linecorp.com/centraldogma/content_service.go:374.2,376.16 3 1
go.linecorp.com/centraldogma/content_service.go:379.2,379.37 1 1
go.linecorp.com/centraldogma/content_service.go:348.27,350.3 1 0
go.linecorp.com/centraldogma/content_service.go:359.16,361.3 1 0
go.linecorp.com/centraldogma/content_service.go:370.16,372.3 1 0
go.linecorp.com/centraldogma/content_service.go:376.16,378.3 1 0
go.linecorp.com/centraldogma/content_service.go:388.77,389.37 1 2
go.linecorp.com/centraldogma/content_service.go:394.2,394.23 1 2
go.linecorp.com/centraldogma/content_service.go:399.2,405.16 2 2
go.linecorp.com/centraldogma/content_service.go:410.2,417.16 6 2
go.linecorp.com/centraldogma/content_service.go:421.2,423.16 3 2
go.linecorp.com/centraldogma/content_service.go:426.2,426.40 1 2
go.linecorp.com/centraldogma/content_service.go:389.37,392.3 1 0
go.linecorp.com/centraldogma/content_service.go:394.23,396.3 1 0
go.linecorp.com/centraldogma/content_service.go:405.16,407.3 1 0
go.linecorp.com/centraldogma/content_service.go:417.16,419.3 1 0
go.linecorp.com/centraldogma/content_service.go:423.16,425.3 1 0
go.linecorp.com/centraldogma/dogma.go:92.94,94.16 2 38
go.linecorp.com/centraldogma/dogma.go:98.2,99.16 2 38
go.linecorp.com/centraldogma/dogma.go:103.2,103.55 1 38
go.linecorp.com/centraldogma/dogma.go:94.16,96.3 1 0
go.linecorp.com/centraldogma/dogma.go:99.16,101.3 1 0
go.linecorp.com/centraldogma/dogma.go:109.108,110.21 1 42
go.linecorp.com/centraldogma/dogma.go:113.2,113.22 1 42
go.linecorp.com/centraldogma/dogma.go:117.2,118.8 2 42
go.linecorp.com/centraldogma/dogma.go:122.2,123.16 2 41
go.linecorp.com/centraldogma/dogma.go:127.2,132.8 3 41
go.linecorp.com/centraldogma/dogma.go:110.21,112.3 1 0
go.linecorp.com/centraldogma/dogma.go:113.22,115.3 1 0
go.linecorp.com/centraldogma/dogma.go:118.8,120.3 1 1
go.linecorp.com/centraldogma/dogma.go:123.16,125.3 1 0
go.linecorp.com/centraldogma/dogma.go:137.70,139.16 2 5
go.linecorp.com/centraldogma/dogma.go:143.2,143.58 1 5
go.linecorp.com/centraldogma/dogma.go:151.2,151.32 1 3
go.linecorp.com/centraldogma/dogma.go:139.16,141.3 1 0
go.linecorp.com/centraldogma/dogma.go:143.58,146.75 1 2
go.linecorp.com/centraldogma/dogma.go:146.75,148.5 1 1
go.linecorp.com/centraldogma/dogma.go:154.113,155.22 1 41
go.linecorp.com/centraldogma/dogma.go:162.2,163.9 2 41
go.linecorp.com/centraldogma/dogma.go:169.2,169.48 1 41
go.linecorp.com/centraldogma/dogma.go:155.22,157.17 2 2
go.linecorp.com/centraldogma/dogma.go:157.17,159.4 1 0
go.linecorp.com/centraldogma/dogma.go:163.9,165.17 2 40
go.linecorp.com/centraldogma/dogma.go:165.17,167.4 1 0
go.linecorp.com/centraldogma/dogma.go:174.86,186.2 7 39
go.linecorp.com/centraldogma/dogma.go:188.53,189.23 1 127
go.linecorp.com/centraldogma/dogma.go:193.2,193.41 1 126
go.linecorp.com/centraldogma/dogma.go:199.2,199.38 1 126
go.linecorp.com/centraldogma/dogma.go:203.2,203.27 1 126
go.linecorp.com/centraldogma/dogma.go:189.23,191.3 1 1
go.linecorp.com/centraldogma/dogma.go:193.41,197.3 1 2
go.linecorp.com/centraldogma/dogma.go:199.38,201.3 1 42
go.linecorp.com/centraldogma/dogma.go:207.50,210.16 2 0
go.linecorp.com/centraldogma/dogma.go:214.2,215.16 2 0
go.linecorp.com/centraldogma/dogma.go:219.2,220.16 2 0
go.linecorp.com/centraldogma/dogma.go:224.2,224.37 1 0
go.linecorp.com/centraldogma/dogma.go:228.2,228.18 1 0
go.linecorp.com/centraldogma/dogma.go:210.16,212.3 1 0
go.linecorp.com/centraldogma/dogma.go:215.16,217.3 1 0
go.linecorp.com/centraldogma/dogma.go:220.16,222.3 1 0
go.linecorp.com/centraldogma/dogma.go:224.37,227.3 1 0
go.linecorp.com/centraldogma/dogma.go:231.99,236.17 3 59
go.linecorp.com/centraldogma/dogma.go:250.2,251.16 2 59
go.linecorp.com/centraldogma/dogma.go:255.2,255.61 1 59
go.linecorp.com/centraldogma/dogma.go:259.2,259.17 1 59
go.linecorp.com/centraldogma/dogma.go:266.2,266.17 1 59
go.linecorp.com/centraldogma/dogma.go:236.17,237.35 1 6
go.linecorp.com/centraldogma/dogma.go:237.35,239.4 1 2
go.linecorp.com/centraldogma/dogma.go:239.9,244.18 5 4
go.linecorp.com/centraldogma/dogma.go:244.18,246.5 1 0
go.linecorp.com/centraldogma/dogma.go:251.16,253.3 1 0
go.linecorp.com/centraldogma/dogma.go:255.61,257.3 1 59
go.linecorp.com/centraldogma/dogma.go:259.17,260.33 1 6
go.linecorp.com/centraldogma/dogma.go:260.33,262.4 1 2
go.linecorp.com/centraldogma/dogma.go:262.9,264.4 1 4
go.linecorp.com/centraldogma/dogma.go:273.54,274.17 1 59
go.linecorp.com/centraldogma/dogma.go:274.17,283.3 2 59
go.linecorp.com/centraldogma/dogma.go:287.92,292.30 3 59
go.linecorp.com/centraldogma/dogma.go:302.2,308.16 3 59
go.linecorp.com/centraldogma/dogma.go:315.2,315.30 1 59
go.linecorp.com/centraldogma/dogma.go:321.2,321.16 1 59
go.linecorp.com/centraldogma/dogma.go:329.2,330.59 2 59
go.linecorp.com/centraldogma/dogma.go:349.2,349.30 1 59
go.linecorp.com/centraldogma/dogma.go:354.2,356.8 2 59
go.linecorp.com/centraldogma/dogma.go:292.30,299.3 1 59
go.linecorp.com/centraldogma/dogma.go:308.16,310.3 1 59
go.linecorp.com/centraldogma/dogma.go:310.8,312.3 1 0
go.linecorp.com/centraldogma/dogma.go:315.30,318.3 2 59
go.linecorp.com/centraldogma/dogma.go:321.16,322.31 1 0
go.linecorp.com/centraldogma/dogma.go:325.3,325.9 1 0
go.linecorp.com/centraldogma/dogma.go:322.31,324.4 1 0
go.linecorp.com/centraldogma/dogma.go:330.59,331.44 1 58
go.linecorp.com/centraldogma/dogma.go:331.44,335.18 3 0
go.linecorp.com/centraldogma/dogma.go:335.18,337.5 1 0
go.linecorp.com/centraldogma/dogma.go:337.10,339.5 1 0
go.linecorp.com/centraldogma/dogma.go:340.9,340.31 1 58
go.linecorp.com/centraldogma/dogma.go:340.31,342.21 2 54
go.linecorp.com/centraldogma/dogma.go:342.21,344.5 1 0
go.linecorp.com/centraldogma/dogma.go:349.30,351.3 1 59
go.linecorp.com/centraldogma/dogma.go:360.112,362.2 1 1
go.linecorp.com/centraldogma/dogma.go:365.98,367.2 1 1
go.linecorp.com/centraldogma/dogma.go:370.97,372.2 1 1
go.linecorp.com/centraldogma/dogma.go:375.114,377.2 1 1
go.linecorp.com/centraldogma/dogma.go:380.101,382.2 1 1
go.linecorp.com/centraldogma/dogma.go:385.115,387.2 1 2
go.linecorp.com/centraldogma/dogma.go:391.103,393.2 1 1
go.linecorp.com/centraldogma/dogma.go:396.118,398.2 1 1
go.linecorp.com/centraldogma/dogma.go:401.117,403.2 1 1
go.linecorp.com/centraldogma/dogma.go:407.103,409.2 1 1
go.linecorp.com/centraldogma/dogma.go:413.96,415.2 1 1
go.linecorp.com/centraldogma/dogma.go:420.103,422.2 1 1
go.linecorp.com/centraldogma/dogma.go:426.114,428.2 1 1
go.linecorp.com/centraldogma/dogma.go:439.105,441.2 1 2
go.linecorp.com/centraldogma/dogma.go:446.33,448.2 1 5
go.linecorp.com/centraldogma/dogma.go:459.105,461.2 1 1
go.linecorp.com/centraldogma/dogma.go:475.33,477.2 1 1
go.linecorp.com/centraldogma/dogma.go:482.104,484.2 1 1
go.linecorp.com/centraldogma/dogma.go:497.106,499.2 1 1
go.linecorp.com/centraldogma/dogma.go:503.103,505.2 1 2
go.linecorp.com/centraldogma/dogma.go:507.90,511.38 3 2
go.linecorp.com/centraldogma/dogma.go:516.2,516.18 1 2
go.linecorp.com/centraldogma/dogma.go:521.2,522.8 2 2
go.linecorp.com/centraldogma/dogma.go:511.38,513.3 1 2
go.linecorp.com/centraldogma/dogma.go:516.18,518.3 1 2
go.linecorp.com/centraldogma/dogma.go:558.57,564.16 3 2
go.linecorp.com/centraldogma/dogma.go:568.2,569.8 2 2
go.linecorp.com/centraldogma/dogma.go:564.16,566.3 1 0
go.linecorp.com/centraldogma/dogma.go:605.57,611.16 3 0
go.linecorp.com/centraldogma/dogma.go:615.2,616.8 2 0
go.linecorp.com/centraldogma/dogma.go:611.16,613.3 1 0
go.linecorp.com/centraldogma/dogma.go:630.92,632.16 2 2
go.linecorp.com/centraldogma/dogma.go:635.2,636.16 2 2
go.linecorp.com/centraldogma/dogma.go:632.16,634.3 1 0
go.linecorp.com/centraldogma/dogma.go:649.91,651.16 2 5
go.linecorp.com/centraldogma/dogma.go:654.2,655.16 2 5
go.linecorp.com/centraldogma/dogma.go:651.16,653.3 1 0
go.linecorp.com/centraldogma/dogma.go:671.57,673.2 1 36
go.linecorp.com/centraldogma/enums.go:38.37,39.34 1 3
go.linecorp.com/centraldogma/enums.go:44.2,44.18 1 0
go.linecorp.com/centraldogma/enums.go:39.34,40.13 1 7
go.linecorp.com/centraldogma/enums.go:40.13,42.4 1 3
go.linecorp.com/centraldogma/enums.go:62.36,63.33 1 0
go.linecorp.com/centraldogma/enums.go:68.2,68.18 1 0
go.linecorp.com/centraldogma/enums.go:63.33,64.13 1 0
go.linecorp.com/centraldogma/enums.go:64.13,66.4 1 0
go.linecorp.com/centraldogma/project_service.go:39.90,45.16 2 1
go.linecorp.com/centraldogma/project_service.go:49.2,51.16 3 1
go.linecorp.com/centraldogma/project_service.go:55.2,57.16 3 1
go.linecorp.com/centraldogma/project_service.go:60.2,60.37 1 1
go.linecorp.com/centraldogma/project_service.go:45.16,47.3 1 0
go.linecorp.com/centraldogma/project_service.go:51.16,53.3 1 0
go.linecorp.com/centraldogma/project_service.go:57.16,59.3 1 0
go.linecorp.com/centraldogma/project_service.go:63.80,69.16 2 1
go.linecorp.com/centraldogma/project_service.go:73.2,74.16 2 1
go.linecorp.com/centraldogma/project_service.go:78.2,79.16 2 1
go.linecorp.com/centraldogma/project_service.go:82.2,82.28 1 1
go.linecorp.com/centraldogma/project_service.go:69.16,71.3 1 0
go.linecorp.com/centraldogma/project_service.go:74.16,76.3 1 0
go.linecorp.com/centraldogma/project_service.go:79.16,81.3 1 0
go.linecorp.com/centraldogma/project_service.go:85.79,92.16 2 1
go.linecorp.com/centraldogma/project_service.go:96.2,97.16 2 1
go.linecorp.com/centraldogma/project_service.go:101.2,102.16 2 1
go.linecorp.com/centraldogma/project_service.go:105.2,105.28 1 1
go.linecorp.com/centraldogma/project_service.go:92.16,94.3 1 0
go.linecorp.com/centraldogma/project_service.go:97.16,99.3 1 0
go.linecorp.com/centraldogma/project_service.go:102.16,104.3 1 0
go.linecorp.com/centraldogma/project_service.go:108.92,114.16 2 1
go.linecorp.com/centraldogma/project_service.go:118.2,119.16 2 1
go.linecorp.com/centraldogma/project_service.go:123.2,125.16 3 1
go.linecorp.com/centraldogma/project_service.go:128.2,128.37 1 1
go.linecorp.com/centraldogma/project_service.go:114.16,116.3 1 0
go.linecorp.com/centraldogma/project_service.go:119.16,121.3 1 0
go.linecorp.com/centraldogma/project_service.go:125.16,127.3 1 0
go.linecorp.com/centraldogma/project_service.go:131.77,137.16 2 1
go.linecorp.com/centraldogma/project_service.go:141.2,142.16 2 1
go.linecorp.com/centraldogma/project_service.go:146.2,148.16 3 1
go.linecorp.com/centraldogma/project_service.go:151.2,151.38 1 1
go.linecorp.com/centraldogma/project_service.go:137.16,139.3 1 0
go.linecorp.com/centraldogma/project_service.go:142.16,144.3 1 0
go.linecorp.com/centraldogma/project_service.go:148.16,150.3 1 0
go.linecorp.com/centraldogma/project_service.go:154.84,160.16 2 2
go.linecorp.com/centraldogma/project_service.go:165.2,170.16 5 2
go.linecorp.com/centraldogma/project_service.go:174.2,176.16 3 2
go.linecorp.com/centraldogma/project_service.go:179.2,179.38 1 2
go.linecorp.com/centraldogma/project_service.go:160.16,162.3 1 0
go.linecorp.com/centraldogma/project_service.go:170.16,172.3 1 0
go.linecorp.com/centraldogma/project_service.go:176.16,178.3 1 0
go.linecorp.com/centraldogma/repository_service.go:35.113,42.16 2 1
go.linecorp.com/centraldogma/repository_service.go:46.2,48.16 3 1
go.linecorp.com/centraldogma/repository_service.go:52.2,54.16 3 1
go.linecorp.com/centraldogma/repository_service.go:58.2,58.34 1 1
go.linecorp.com/centraldogma/repository_service.go:42.16,44.3 1 0
go.linecorp.com/centraldogma/repository_service.go:48.16,50.3 1 0
go.linecorp.com/centraldogma/repository_service.go:54.16,56.3 1 0
go.linecorp.com/centraldogma/repository_service.go:61.100,68.16 2 1
go.linecorp.com/centraldogma/repository_service.go:72.2,73.16 2 1
go.linecorp.com/centraldogma/repository_service.go:77.2,78.16 2 1
go.linecorp.com/centraldogma/repository_service.go:81.2,81.28 1 1
go.linecorp.com/centraldogma/repository_service.go:68.16,70.3 1 0
go.linecorp.com/centraldogma/repository_service.go:73.16,75.3 1 0
go.linecorp.com/centraldogma/repository_service.go:78.16,80.3 1 0
go.linecorp.com/centraldogma/repository_service.go:84.99,92.16 2 1
go.linecorp.com/centraldogma/repository_service.go:96.2,97.16 2 1
go.linecorp.com/centraldogma/repository_service.go:101.2,102.16 2 1
go.linecorp.com/centraldogma/repository_service.go:105.2,105.28 1 1
go.linecorp.com/centraldogma/repository_service.go:92.16,94.3 1 0
go.linecorp.com/centraldogma/repository_service.go:97.16,99.3 1 0
go.linecorp.com/centraldogma/repository_service.go:102.16,104.3 1 0
go.linecorp.com/centraldogma/repository_service.go:108.115,115.16 2 1
go.linecorp.com/centraldogma/repository_service.go:119.2,120.16 2 1
go.linecorp.com/centraldogma/repository_service.go:124.2,126.16 3 1
go.linecorp.com/centraldogma/repository_service.go:129.2,129.34 1 1
go.linecorp.com/centraldogma/repository_service.go:115.16,117.3 1 0
go.linecorp.com/centraldogma/repository_service.go:120.16,122.3 1 0
go.linecorp.com/centraldogma/repository_service.go:126.16,128.3 1 0
go.linecorp.com/centraldogma/repository_service.go:132.103,139.16 2 1
go.linecorp.com/centraldogma/repository_service.go:143.2,144.16 2 1
go.linecorp.com/centraldogma/repository_service.go:148.2,150.16 3 1
go.linecorp.com/centraldogma/repository_service.go:153.2,153.35 1 1
go.linecorp.com/centraldogma/repository_service.go:139.16,141.3 1 0
go.linecorp.com/centraldogma/repository_service.go:144.16,146.3 1 0
go.linecorp.com/centraldogma/repository_service.go:150.16,152.3 1 0
go.linecorp.com/centraldogma/repository_service.go:156.110,163.16 2 1
go.linecorp.com/centraldogma/repository_service.go:168.2,173.16 5 1
go.linecorp.com/centraldogma/repository_service.go:177.2,179.16 3 1
go.linecorp.com/centraldogma/repository_service.go:182.2,182.35 1 1
go.linecorp.com/centraldogma/repository_service.go:163.16,165.3 1 0
go.linecorp.com/centraldogma/repository_service.go:173.16,175.3 1 0
go.linecorp.com/centraldogma/repository_service.go:179.16,181.3 1 0
go.linecorp.com/centraldogma/repository_service.go:186.81,194.16 2 1
go.linecorp.com/centraldogma/repository_service.go:198.2,199.16 2 1
go.linecorp.com/centraldogma/repository_service.go:203.2,205.16 3 1
go.linecorp.com/centraldogma/repository_service.go:208.2,208.37 1 1
go.linecorp.com/centraldogma/repository_service.go:194.16,196.3 1 0
go.linecorp.com/centraldogma/repository_service.go:199.16,201.3 1 0
go.linecorp.com/centraldogma/repository_service.go:205.16,207.3 1 0
go.linecorp.com/centraldogma/utils.go:35.13,37.2 1 1
go.linecorp.com/centraldogma/utils.go:39.52,40.20 1 20
go.linecorp.com/centraldogma/utils.go:40.20,42.3 1 13
go.linecorp.com/centraldogma/utils.go:45.48,48.2 2 3
go.linecorp.com/centraldogma/utils.go:50.50,52.2 1 10
go.linecorp.com/centraldogma/utils.go:54.42,56.2 1 2
go.linecorp.com/centraldogma/utils.go:58.56,60.2 1 1
go.linecorp.com/centraldogma/utils.go:62.51,63.21 1 1
go.linecorp.com/centraldogma/utils.go:63.21,65.3 1 1
go.linecorp.com/centraldogma/utils.go:69.81,70.46 1 5
go.linecorp.com/centraldogma/utils.go:74.2,74.8 1 5
go.linecorp.com/centraldogma/utils.go:70.46,73.3 1 5
go.linecorp.com/centraldogma/utils.go:77.60,78.28 1 26
go.linecorp.com/centraldogma/utils.go:87.2,87.8 1 26
go.linecorp.com/centraldogma/utils.go:78.28,79.62 1 4
go.linecorp.com/centraldogma/utils.go:79.62,81.4 1 1
go.linecorp.com/centraldogma/utils.go:81.9,82.47 1 3
go.linecorp.com/centraldogma/utils.go:82.47,84.5 1 3
go.linecorp.com/centraldogma/utils.go:90.52,92.27 2 5
go.linecorp.com/centraldogma/utils.go:102.2,107.16 6 5
go.linecorp.com/centraldogma/utils.go:110.2,110.30 1 5
go.linecorp.com/centraldogma/utils.go:92.27,94.3 1 1
go.linecorp.com/centraldogma/utils.go:94.8,96.36 2 4
go.linecorp.com/centraldogma/utils.go:96.36,98.4 1 0
go.linecorp.com/centraldogma/utils.go:98.9,100.4 1 4
go.linecorp.com/centraldogma/utils.go:107.16,109.3 1 0
go.linecorp.com/centraldogma/utils.go:113.73,115.32 2 4
go.linecorp.com/centraldogma/utils.go:118.2,118.30 1 4
go.linecorp.com/centraldogma/utils.go:115.32,117.3 1 0
go.linecorp.com/centraldogma/utils.go:121.32,125.21 3 5
go.linecorp.com/centraldogma/utils.go:133.2,133.15 1 5
go.linecorp.com/centraldogma/utils.go:125.21,128.3 1 0
go.linecorp.com/centraldogma/utils.go:128.8,129.66 1 5
go.linecorp.com/centraldogma/utils.go:129.66,131.4 1 5
go.linecorp.com/centraldogma/utils.go:137.37,139.32 2 5
go.linecorp.com/centraldogma/utils.go:143.2,143.48 1 0
go.linecorp.com/centraldogma/utils.go:139.32,142.3 1 5
go.linecorp.com/centraldogma/watch_service.go:47.16,50.18 1 19
go.linecorp.com/centraldogma/watch_service.go:55.2,61.16 2 19
go.linecorp.com/centraldogma/watch_service.go:66.2,67.48 2 19
go.linecorp.com/centraldogma/watch_service.go:70.2,72.60 2 19
go.linecorp.com/centraldogma/watch_service.go:50.18,52.3 1 0
go.linecorp.com/centraldogma/watch_service.go:61.16,63.3 1 0
go.linecorp.com/centraldogma/watch_service.go:67.48,69.3 1 0
go.linecorp.com/centraldogma/watch_service.go:80.16,83.27 1 13
go.linecorp.com/centraldogma/watch_service.go:92.2,98.16 2 13
go.linecorp.com/centraldogma/watch_service.go:102.2,102.60 1 13
go.linecorp.com/centraldogma/watch_service.go:83.27,85.3 1 2
go.linecorp.com/centraldogma/watch_service.go:85.8,85.49 1 11
go.linecorp.com/centraldogma/watch_service.go:85.49,87.3 1 4
go.linecorp.com/centraldogma/watch_service.go:87.8,87.49 1 7
go.linecorp.com/centraldogma/watch_service.go:87.49,89.3 1 2
go.linecorp.com/centraldogma/watch_service.go:98.16,100.3 1 0
go.linecorp.com/centraldogma/watch_service.go:109.16,113.16 2 32
go.linecorp.com/centraldogma/watch_service.go:116.2,116.33 1 32
go.linecorp.com/centraldogma/watch_service.go:121.2,121.18 1 32
go.linecorp.com/centraldogma/watch_service.go:126.2,131.16 5 32
go.linecorp.com/centraldogma/watch_service.go:138.2,139.20 2 32
go.linecorp.com/centraldogma/watch_service.go:113.16,115.3 1 0
go.linecorp.com/centraldogma/watch_service.go:116.33,118.3 1 32
go.linecorp.com/centraldogma/watch_service.go:118.8,120.3 1 0
go.linecorp.com/centraldogma/watch_service.go:121.18,123.3 1 32
go.linecorp.com/centraldogma/watch_service.go:131.16,132.38 1 0
go.linecorp.com/centraldogma/watch_service.go:135.3,135.64 1 0
go.linecorp.com/centraldogma/watch_service.go:132.38,134.4 1 0
go.linecorp.com/centraldogma/watch_service.go:177.90,188.2 2 11
go.linecorp.com/centraldogma/watch_service.go:191.52,196.2 3 2
go.linecorp.com/centraldogma/watch_service.go:199.77,200.9 1 0
go.linecorp.com/centraldogma/watch_service.go:201.36,204.16 2 0
go.linecorp.com/centraldogma/watch_service.go:205.29,206.96 1 0
go.linecorp.com/centraldogma/watch_service.go:210.49,212.19 2 75
go.linecorp.com/centraldogma/watch_service.go:215.2,215.8 1 75
go.linecorp.com/centraldogma/watch_service.go:212.19,214.3 1 53
go.linecorp.com/centraldogma/watch_service.go:219.41,221.19 2 43
go.linecorp.com/centraldogma/watch_service.go:224.2,224.43 1 11
go.linecorp.com/centraldogma/watch_service.go:221.19,223.3 1 32
go.linecorp.com/centraldogma/watch_service.go:228.27,231.62 3 11
go.linecorp.com/centraldogma/watch_service.go:235.2,235.21 1 11
go.linecorp.com/centraldogma/watch_service.go:231.62,234.3 1 1
go.linecorp.com/centraldogma/watch_service.go:238.57,239.6 1 10
go.linecorp.com/centraldogma/watch_service.go:239.6,241.61 1 10
go.linecorp.com/centraldogma/watch_service.go:260.3,260.20 1 0
go.linecorp.com/centraldogma/watch_service.go:241.61,259.4 8 10
go.linecorp.com/centraldogma/watch_service.go:265.55,266.21 1 10
go.linecorp.com/centraldogma/watch_service.go:271.2,271.19 1 10
go.linecorp.com/centraldogma/watch_service.go:276.2,280.45 3 10
go.linecorp.com/centraldogma/watch_service.go:290.2,292.12 2 10
go.linecorp.com/centraldogma/watch_service.go:266.21,268.3 1 0
go.linecorp.com/centraldogma/watch_service.go:271.19,273.3 1 0
go.linecorp.com/centraldogma/watch_service.go:280.45,281.10 1 0
go.linecorp.com/centraldogma/watch_service.go:282.28,283.27 1 0
go.linecorp.com/centraldogma/watch_service.go:285.21,285.21 0 0
go.linecorp.com/centraldogma/watch_service.go:298.21,300.2 1 4
go.linecorp.com/centraldogma/watch_service.go:306.21,307.18 1 6
go.linecorp.com/centraldogma/watch_service.go:311.2,312.80 2 6
go.linecorp.com/centraldogma/watch_service.go:316.2,316.15 1 6
go.linecorp.com/centraldogma/watch_service.go:307.18,309.3 1 0
go.linecorp.com/centraldogma/watch_service.go:312.80,315.3 1 19
go.linecorp.com/centraldogma/watch_service.go:322.21,324.2 1 5
go.linecorp.com/centraldogma/watch_service.go:330.21,332.80 2 5
go.linecorp.com/centraldogma/watch_service.go:336.2,336.15 1 5
go.linecorp.com/centraldogma/watch_service.go:332.80,335.3 1 13
go.linecorp.com/centraldogma/watch_service.go:339.27,340.60 1 10
go.linecorp.com/centraldogma/watch_service.go:340.60,342.3 1 10
go.linecorp.com/centraldogma/watch_service.go:345.36,348.2 2 83
go.linecorp.com/centraldogma/watch_service.go:350.35,351.19 1 10
go.linecorp.com/centraldogma/watch_service.go:355.2,355.6 1 10
go.linecorp.com/centraldogma/watch_service.go:351.19,353.3 1 0
go.linecorp.com/centraldogma/watch_service.go:355.6,356.10 1 42
go.linecorp.com/centraldogma/watch_service.go:357.28,358.10 1 10
go.linecorp.com/centraldogma/watch_service.go:360.11,361.15 1 32
go.linecorp.com/centraldogma/watch_service.go:366.29,367.19 1 32
go.linecorp.com/centraldogma/watch_service.go:371.2,373.49 3 32
go.linecorp.com/centraldogma/watch_service.go:380.2,381.24 2 32
go.linecorp.com/centraldogma/watch_service.go:387.2,387.28 1 32
go.linecorp.com/centraldogma/watch_service.go:401.2,401.58 1 32
go.linecorp.com/centraldogma/watch_service.go:420.2,421.11 2 32
go.linecorp.com/centraldogma/watch_service.go:367.19,369.3 1 0
go.linecorp.com/centraldogma/watch_service.go:373.49,375.3 1 11
go.linecorp.com/centraldogma/watch_service.go:375.8,377.3 1 21
go.linecorp.com/centraldogma/watch_service.go:381.24,386.3 3 0
go.linecorp.com/centraldogma/watch_service.go:387.28,388.42 1 0
go.linecorp.com/centraldogma/watch_service.go:393.3,398.9 4 0
go.linecorp.com/centraldogma/watch_service.go:388.42,391.4 1 0
go.linecorp.com/centraldogma/watch_service.go:401.58,403.63 1 31
go.linecorp.com/centraldogma/watch_service.go:409.3,416.22 3 31
go.linecorp.com/centraldogma/watch_service.go:403.63,406.4 1 10
go.linecorp.com/centraldogma/watch_service.go:424.27,427.29 2 32
go.linecorp.com/centraldogma/watch_service.go:433.2,433.15 1 32
go.linecorp.com/centraldogma/watch_service.go:427.29,429.3 1 32
go.linecorp.com/centraldogma/watch_service.go:429.8,431.3 1 0
go.linecorp.com/centraldogma/watch_service.go:433.15,434.10 1 32
go.linecorp.com/centraldogma/watch_service.go:435.28,435.28 0 10
go.linecorp.com/centraldogma/watch_service.go:436.28,436.28 0 22
go.linecorp.com/centraldogma/watch_service.go:441.37,442.19 1 31
go.linecorp.com/centraldogma/watch_service.go:447.2,452.48 3 31
go.linecorp.com/centraldogma/watch_service.go:442.19,445.3 1 0
go.linecorp.com/centraldogma/watch_service.go:452.48,453.10 1 35
go.linecorp.com/centraldogma/watch_service.go:454.28,455.10 1 0
go.linecorp.com/centraldogma/watch_service.go:457.27,457.27 0 35
go.linecorp.com/centraldogma/watch_service.go:462.76,463.6 1 10
go.linecorp.com/centraldogma/watch_service.go:463.6,464.10 1 45
go.linecorp.com/centraldogma/watch_service.go:465.28,466.10 1 10
go.linecorp.com/centraldogma/watch_service.go:468.27,469.11 1 35
go.linecorp.com/centraldogma/watch_service.go:473.4,473.21 1 35
go.linecorp.com/centraldogma/watch_service.go:469.11,471.5 1 0
go.linecorp.com/centraldogma/watch_service.go:473.21,475.5 1 35
go.linecorp.com/centraldogma/metric.go:29.68,30.16 1 41
go.linecorp.com/centraldogma/metric.go:33.2,34.8 2 41
go.linecorp.com/centraldogma/metric.go:30.16,32.3 1 1
go.linecorp.com/centraldogma/metric.go:39.94,40.19 1 39
go.linecorp.com/centraldogma/metric.go:45.2,45.23 1 38
go.linecorp.com/centraldogma/metric.go:56.2,57.8 2 38
go.linecorp.com/centraldogma/metric.go:40.19,43.3 2 1
go.linecorp.com/centraldogma/metric.go:45.23,47.17 2 1
go.linecorp.com/centraldogma/metric.go:51.3,51.17 1 1
go.linecorp.com/centraldogma/metric.go:47.17,49.4 1 1
go.linecorp.com/centraldogma/metric.go:51.17,52.14 1 0
go.linecorp.com/centraldogma/metric.go:61.99,63.19 1 2
go.linecorp.com/centraldogma/metric.go:68.2,69.16 2 1
go.linecorp.com/centraldogma/metric.go:72.2,73.8 2 1
go.linecorp.com/centraldogma/metric.go:63.19,66.3 2 1
go.linecorp.com/centraldogma/metric.go:69.16,71.3 1 0
go.linecorp.com/centraldogma/metric.go:77.97,79.19 1 2
go.linecorp.com/centraldogma/metric.go:84.2,85.16 2 1
go.linecorp.com/centraldogma/metric.go:88.2,89.8 2 1
go.linecorp.com/centraldogma/metric.go:79.19,82.3 2 1
go.linecorp.com/centraldogma/metric.go:85.16,87.3 1 0
